<?xml version="1.0" encoding="UTF-8"?>
<!-- Generated by org.testng.reporters.JUnitXMLReporter -->
<testsuite hostname="DESKTOP-UABV5PV" ignored="1" name="Default test(failed)" tests="2" failures="2" timestamp="01 Dec 2021 07:30:17 GMT" time="0.078" errors="0">
  <testcase name="tc1" time="0.03" classname="org.sample.ClassA">
    <failure type="java.lang.AssertionError" message="expected [true] but found [false]">
      <![CDATA[java.lang.AssertionError: expected [true] but found [false]
	at org.sample.ClassA.tc1(ClassA.java:12)
... Removed 29 stack frames]]>
    </failure>
  </testcase> <!-- tc1 -->
  <testcase name="tc3" time="0.004" classname="org.sample.ClassA">
    <failure type="java.lang.AssertionError" message="expected [true] but found [false]">
      <![CDATA[java.lang.AssertionError: expected [true] but found [false]
	at org.sample.ClassA.tc3(ClassA.java:23)
... Removed 29 stack frames]]>
    </failure>
  </testcase> <!-- tc3 -->
  <testcase name="tc2" time="0.0" classname="org.sample.ClassA">
    <ignored/>
  </testcase> <!-- tc2 -->
</testsuite> <!-- Default test(failed) -->
