<?xml version="1.0" encoding="UTF-8"?>
<!-- Generated by org.testng.reporters.JUnitXMLReporter -->
<testsuite hostname="DESKTOP-UABV5PV" ignored="0" name="Test" tests="9" failures="2" timestamp="01 Dec 2021 08:14:55 GMT" time="0.173" errors="0">
  <testcase name="tc1" time="0.023" classname="org.sample.ClassA">
    <skipped/>
  </testcase> <!-- tc1 -->
  <testcase name="tc1" time="0.003" classname="org.sample.ClassA">
    <skipped/>
  </testcase> <!-- tc1 -->
  <testcase name="tc1" time="0.005" classname="org.sample.ClassA">
    <skipped/>
  </testcase> <!-- tc1 -->
  <testcase name="tc1" time="0.005" classname="org.sample.ClassA">
    <failure type="java.lang.AssertionError" message="expected [true] but found [false]">
      <![CDATA[java.lang.AssertionError: expected [true] but found [false]
	at org.sample.ClassA.tc1(ClassA.java:12)
... Removed 29 stack frames]]>
    </failure>
  </testcase> <!-- tc1 -->
  <testcase name="tc2" time="0.015" classname="org.sample.ClassA"/>
  <testcase name="tc3" time="0.003" classname="org.sample.ClassA">
    <skipped/>
  </testcase> <!-- tc3 -->
  <testcase name="tc3" time="0.003" classname="org.sample.ClassA">
    <skipped/>
  </testcase> <!-- tc3 -->
  <testcase name="tc3" time="0.002" classname="org.sample.ClassA">
    <skipped/>
  </testcase> <!-- tc3 -->
  <testcase name="tc3" time="0.007" classname="org.sample.ClassA">
    <failure type="java.lang.AssertionError" message="expected [true] but found [false]">
      <![CDATA[java.lang.AssertionError: expected [true] but found [false]
	at org.sample.ClassA.tc3(ClassA.java:23)
... Removed 29 stack frames]]>
    </failure>
  </testcase> <!-- tc3 -->
</testsuite> <!-- Test -->
