<?xml version="1.0" encoding="UTF-8"?>
<!-- Generated by org.testng.reporters.JUnitXMLReporter -->
<testsuite hostname="DESKTOP-UABV5PV" ignored="2" name="Default test(failed)(failed)" tests="1" failures="1" timestamp="01 Dec 2021 04:13:33 GMT" time="0.063" errors="0">
  <testcase name="tc1" time="0.016" classname="org.sample.ClassA">
    <failure type="java.lang.AssertionError" message="expected [true] but found [false]">
      <![CDATA[java.lang.AssertionError: expected [true] but found [false]
	at org.sample.ClassA.tc1(ClassA.java:11)
... Removed 29 stack frames]]>
    </failure>
  </testcase> <!-- tc1 -->
  <testcase name="tc2" time="0.0" classname="org.sample.ClassA">
    <ignored/>
  </testcase> <!-- tc2 -->
  <testcase name="tc3" time="0.0" classname="org.sample.ClassA">
    <ignored/>
  </testcase> <!-- tc3 -->
</testsuite> <!-- Default test(failed)(failed) -->
